(node:87278) ExperimentalWarning: Importing JSON modules is an experimental feature and might change at any time
(Use `node --trace-warnings ...` to show where the warning was created)
âœ˜ [ERROR] Invalid option in build() call: "watch"

    /Users/leesonghee/assetManagement/frontend/.yarn/unplugged/esbuild-npm-0.23.0-176e4eb3ff/node_modules/esbuild/lib/main.js:253:12:
      253 â”‚       throw new Error(`Invalid option ${where}: ${quote(key)}`);
          â•µ             ^

    at checkForInvalidFlags (/Users/leesonghee/assetManagement/frontend/.yarn/unplugged/esbuild-npm-0.23.0-176e4eb3ff/node_modules/esbuild/lib/main.js:253:13)
    at flagsForBuildOptions (/Users/leesonghee/assetManagement/frontend/.yarn/unplugged/esbuild-npm-0.23.0-176e4eb3ff/node_modules/esbuild/lib/main.js:426:3)
    at buildOrContextContinue (/Users/leesonghee/assetManagement/frontend/.yarn/unplugged/esbuild-npm-0.23.0-176e4eb3ff/node_modules/esbuild/lib/main.js:913:9)
    at /Users/leesonghee/assetManagement/frontend/.yarn/unplugged/esbuild-npm-0.23.0-176e4eb3ff/node_modules/esbuild/lib/main.js:887:11

âœ˜ [ERROR] Invalid option in build() call: "watch"

    /Users/leesonghee/assetManagement/frontend/.yarn/unplugged/esbuild-npm-0.23.0-176e4eb3ff/node_modules/esbuild/lib/main.js:253:12:
      253 â”‚       throw new Error(`Invalid option ${where}: ${quote(key)}`);
          â•µ             ^

    at checkForInvalidFlags (/Users/leesonghee/assetManagement/frontend/.yarn/unplugged/esbuild-npm-0.23.0-176e4eb3ff/node_modules/esbuild/lib/main.js:253:13)
    at flagsForBuildOptions (/Users/leesonghee/assetManagement/frontend/.yarn/unplugged/esbuild-npm-0.23.0-176e4eb3ff/node_modules/esbuild/lib/main.js:426:3)
    at buildOrContextContinue (/Users/leesonghee/assetManagement/frontend/.yarn/unplugged/esbuild-npm-0.23.0-176e4eb3ff/node_modules/esbuild/lib/main.js:913:9)
    at /Users/leesonghee/assetManagement/frontend/.yarn/unplugged/esbuild-npm-0.23.0-176e4eb3ff/node_modules/esbuild/lib/main.js:887:11

/Users/leesonghee/assetManagement/frontend/.yarn/unplugged/esbuild-npm-0.23.0-176e4eb3ff/node_modules/esbuild/lib/main.js:1472
  let error = new Error(text);
              ^

Error: Build failed with 1 error:
/Users/leesonghee/assetManagement/frontend/.yarn/unplugged/esbuild-npm-0.23.0-176e4eb3ff/node_modules/esbuild/lib/main.js:253:12: ERROR: Invalid option in build() call: "watch"
    at failureErrorWithLog (/Users/leesonghee/assetManagement/frontend/.yarn/unplugged/esbuild-npm-0.23.0-176e4eb3ff/node_modules/[4mesbuild[24m/lib/main.js:1472:15)
    at /Users/leesonghee/assetManagement/frontend/.yarn/unplugged/esbuild-npm-0.23.0-176e4eb3ff/node_modules/[4mesbuild[24m/lib/main.js:860:16
    at responseCallbacks.<computed> (/Users/leesonghee/assetManagement/frontend/.yarn/unplugged/esbuild-npm-0.23.0-176e4eb3ff/node_modules/[4mesbuild[24m/lib/main.js:622:9)
    at handleIncomingPacket (/Users/leesonghee/assetManagement/frontend/.yarn/unplugged/esbuild-npm-0.23.0-176e4eb3ff/node_modules/[4mesbuild[24m/lib/main.js:677:12)
    at Socket.readFromStdout (/Users/leesonghee/assetManagement/frontend/.yarn/unplugged/esbuild-npm-0.23.0-176e4eb3ff/node_modules/[4mesbuild[24m/lib/main.js:600:7)
[90m    at Socket.emit (node:events:514:28)[39m
[90m    at addChunk (node:internal/streams/readable:545:12)[39m
[90m    at readableAddChunkPushByteMode (node:internal/streams/readable:495:3)[39m
[90m    at Readable.push (node:internal/streams/readable:375:5)[39m
[90m    at Pipe.onStreamRead (node:internal/stream_base_commons:190:23)[39m {
  errors: [36m[Getter/Setter][39m,
  warnings: [36m[Getter/Setter][39m
}

Node.js v20.10.0
